This file contains any messages produced by compilers while
running configure, to aid debugging if configure makes a mistake.

It was created by gsl configure 1.9, which was
generated by GNU Autoconf 2.59.  Invocation command line was

  $ ./configure 

## --------- ##
## Platform. ##
## --------- ##

hostname = Johns-MacBook-Pro-4.local
uname -m = x86_64
uname -r = 14.3.0
uname -s = Darwin
uname -v = Darwin Kernel Version 14.3.0: Mon Mar 23 11:59:05 PDT 2015; root:xnu-2782.20.48~5/RELEASE_X86_64

/usr/bin/uname -p = i386
/bin/uname -X     = unknown

/bin/arch              = unknown
/usr/bin/arch -k       = unknown
/usr/convex/getsysinfo = unknown
hostinfo               = Mach kernel version:
	 Darwin Kernel Version 14.3.0: Mon Mar 23 11:59:05 PDT 2015; root:xnu-2782.20.48~5/RELEASE_X86_64
Kernel configured for up to 8 processors.
4 processors are physically available.
8 processors are logically available.
Processor type: i486 (Intel 80486)
Processors active: 0 1 2 3 4 5 6 7
Primary memory available: 4.00 gigabytes
Default processor set: 248 tasks, 1567 threads, 8 processors
Load average: 1.25, Mach factor: 6.73
/bin/machine           = unknown
/usr/bin/oslevel       = unknown
/bin/universe          = unknown

PATH: /opt/local/bin
PATH: /opt/local/sbin
PATH: //anaconda/bin
PATH: /Library/Frameworks/Python.framework/Versions/2.7/bin
PATH: /usr/local/bin
PATH: /usr/bin
PATH: /bin
PATH: /usr/sbin
PATH: /sbin
PATH: /usr/local/git/bin
PATH: /usr/texbin


## ----------- ##
## Core tests. ##
## ----------- ##

configure:1521: checking for a BSD-compatible install
configure:1576: result: /usr/bin/install -c
configure:1587: checking whether build environment is sane
configure:1630: result: yes
configure:1695: checking for gawk
configure:1724: result: no
configure:1695: checking for mawk
configure:1724: result: no
configure:1695: checking for nawk
configure:1724: result: no
configure:1695: checking for awk
configure:1711: found /usr/bin/awk
configure:1721: result: awk
configure:1731: checking whether make sets $(MAKE)
configure:1755: result: no
configure:1921: checking whether to enable maintainer-specific portions of Makefiles
configure:1930: result: no
configure:1968: checking whether make sets $(MAKE)
configure:1992: result: no
configure:2004: checking build system type
configure:2022: result: i386-apple-darwin14.3.0
configure:2030: checking host system type
configure:2044: result: i386-apple-darwin14.3.0
configure:2105: checking for gcc
configure:2121: found /usr/bin/gcc
configure:2131: result: gcc
configure:2375: checking for C compiler version
configure:2378: gcc --version </dev/null >&5


Agreeing to the Xcode/iOS license requires admin privileges, please re-run as root via sudo.


configure:2381: $? = 69
configure:2383: gcc -v </dev/null >&5


Agreeing to the Xcode/iOS license requires admin privileges, please re-run as root via sudo.


configure:2386: $? = 69
configure:2388: gcc -V </dev/null >&5


Agreeing to the Xcode/iOS license requires admin privileges, please re-run as root via sudo.


configure:2391: $? = 69
configure:2414: checking for C compiler default output file name
configure:2417: gcc    conftest.c  >&5


Agreeing to the Xcode/iOS license requires admin privileges, please re-run as root via sudo.


configure:2420: $? = 69
configure: failed program was:
| /* confdefs.h.  */
| 
| #define PACKAGE_NAME "gsl"
| #define PACKAGE_TARNAME "gsl"
| #define PACKAGE_VERSION "1.9"
| #define PACKAGE_STRING "gsl 1.9"
| #define PACKAGE_BUGREPORT ""
| #define PACKAGE "gsl"
| #define VERSION "1.9"
| #define RELEASED 1
| /* end confdefs.h.  */
| 
| int
| main ()
| {
| 
|   ;
|   return 0;
| }
configure:2459: error: C compiler cannot create executables
See `config.log' for more details.

## ---------------- ##
## Cache variables. ##
## ---------------- ##

ac_cv_build=i386-apple-darwin14.3.0
ac_cv_build_alias=i386-apple-darwin14.3.0
ac_cv_env_CC_set=
ac_cv_env_CC_value=
ac_cv_env_CFLAGS_set=
ac_cv_env_CFLAGS_value=
ac_cv_env_CPPFLAGS_set=
ac_cv_env_CPPFLAGS_value=
ac_cv_env_CPP_set=
ac_cv_env_CPP_value=
ac_cv_env_LDFLAGS_set=
ac_cv_env_LDFLAGS_value=
ac_cv_env_build_alias_set=
ac_cv_env_build_alias_value=
ac_cv_env_host_alias_set=
ac_cv_env_host_alias_value=
ac_cv_env_target_alias_set=
ac_cv_env_target_alias_value=
ac_cv_host=i386-apple-darwin14.3.0
ac_cv_host_alias=i386-apple-darwin14.3.0
ac_cv_path_install='/usr/bin/install -c'
ac_cv_prog_AWK=awk
ac_cv_prog_ac_ct_CC=gcc
ac_cv_prog_make_make_set=no

## ----------------- ##
## Output variables. ##
## ----------------- ##

ACLOCAL='${SHELL} /Users/mwbryan/Downloads/gsl-1.9/missing --run aclocal-1.9'
AMTAR='${SHELL} /Users/mwbryan/Downloads/gsl-1.9/missing --run tar'
AR=''
AUTOCONF='${SHELL} /Users/mwbryan/Downloads/gsl-1.9/missing --run autoconf'
AUTOHEADER='${SHELL} /Users/mwbryan/Downloads/gsl-1.9/missing --run autoheader'
AUTOMAKE='${SHELL} /Users/mwbryan/Downloads/gsl-1.9/missing --run automake-1.9'
AWK='awk'
CC='gcc'
CFLAGS=''
CPP=''
CPPFLAGS=''
CYGPATH_W='echo'
DEFS=''
ECHO='/bin/echo'
ECHO_C='ECHO_N=''
ECHO_T=''
EGREP=''
EXEEXT=''
GSL_CFLAGS=''
GSL_LIBS=''
GSL_LT_CBLAS_VERSION='0:0:0'
GSL_LT_VERSION='10:0:10'
HAVE_AIX_IEEE_INTERFACE=''
HAVE_DARWIN86_IEEE_INTERFACE=''
HAVE_DARWIN_IEEE_INTERFACE=''
HAVE_EXTENDED_PRECISION_REGISTERS=''
HAVE_FREEBSD_IEEE_INTERFACE=''
HAVE_GNUM68K_IEEE_INTERFACE=''
HAVE_GNUPPC_IEEE_INTERFACE=''
HAVE_GNUSPARC_IEEE_INTERFACE=''
HAVE_GNUX86_IEEE_INTERFACE=''
HAVE_HPUX11_IEEE_INTERFACE=''
HAVE_HPUX_IEEE_INTERFACE=''
HAVE_IEEE_COMPARISONS=''
HAVE_IEEE_DENORMALS=''
HAVE_INLINE=''
HAVE_IRIX_IEEE_INTERFACE=''
HAVE_NETBSD_IEEE_INTERFACE=''
HAVE_OPENBSD_IEEE_INTERFACE=''
HAVE_OS2EMX_IEEE_INTERFACE=''
HAVE_PRINTF_LONGDOUBLE=''
HAVE_SOLARIS_IEEE_INTERFACE=''
HAVE_SUNOS4_IEEE_INTERFACE=''
HAVE_TRU64_IEEE_INTERFACE=''
INSTALL_DATA='${INSTALL} -m 644'
INSTALL_PROGRAM='${INSTALL}'
INSTALL_SCRIPT='${INSTALL}'
INSTALL_STRIP_PROGRAM='${SHELL} $(install_sh) -c -s'
LDFLAGS=''
LIBOBJS=''
LIBS=''
LIBTOOL=''
LN_S=''
LTLIBOBJS=''
MAINT='#'
MAINTAINER_MODE_FALSE=''
MAINTAINER_MODE_TRUE='#'
MAKEINFO='${SHELL} /Users/mwbryan/Downloads/gsl-1.9/missing --run makeinfo'
OBJEXT=''
PACKAGE='gsl'
PACKAGE_BUGREPORT=''
PACKAGE_NAME='gsl'
PACKAGE_STRING='gsl 1.9'
PACKAGE_TARNAME='gsl'
PACKAGE_VERSION='1.9'
PATH_SEPARATOR=':'
RANLIB=''
RELEASED=''
SET_MAKE='MAKE=make'
SHELL='/bin/sh'
STRIP=''
VERSION='1.9'
ac_ct_AR=''
ac_ct_CC='gcc'
ac_ct_RANLIB=''
ac_ct_STRIP=''
am__leading_dot='.'
am__tar='${AMTAR} chof - "$$tardir"'
am__untar='${AMTAR} xf -'
bindir='${exec_prefix}/bin'
build='i386-apple-darwin14.3.0'
build_alias=''
build_cpu='i386'
build_os='darwin14.3.0'
build_vendor='apple'
datadir='${prefix}/share'
exec_prefix='NONE'
host='i386-apple-darwin14.3.0'
host_alias=''
host_cpu='i386'
host_os='darwin14.3.0'
host_vendor='apple'
includedir='${prefix}/include'
infodir='${prefix}/info'
install_sh='/Users/mwbryan/Downloads/gsl-1.9/install-sh'
libdir='${exec_prefix}/lib'
libexecdir='${exec_prefix}/libexec'
localstatedir='${prefix}/var'
mandir='${prefix}/man'
mkdir_p='$(mkinstalldirs)'
oldincludedir='/usr/include'
prefix='NONE'
program_transform_name='s,x,x,'
sbindir='${exec_prefix}/sbin'
sharedstatedir='${prefix}/com'
sysconfdir='${prefix}/etc'
target_alias=''

## ----------- ##
## confdefs.h. ##
## ----------- ##

#define PACKAGE "gsl"
#define PACKAGE_BUGREPORT ""
#define PACKAGE_NAME "gsl"
#define PACKAGE_STRING "gsl 1.9"
#define PACKAGE_TARNAME "gsl"
#define PACKAGE_VERSION "1.9"
#define RELEASED 1
#define VERSION "1.9"

configure: exit 77
